mkdir -p D1/D2/D3
touch D1/D2/file.txt
echo 'random text' >> D1/D2/file.txt
ln -s D1/D2/file.txt D1/D2/D3/simlink.txt
ln D1/D2/file.txt D1/D2/D3/hardlink.txt
ls -li D1/D2/file.txt
ls -li D1/D2/D3
mv D1/D2/file.txt D1
cat D1/D2/D3/hardlink.txt
cat D1/D2/D3/simlink.txt 
rm -r D1/D2
find / -type f -size +20M 2>/dev/null > ${USER}_part3_gt20M.log
xargs ls -lh < ${USER}_part3_gt20M.log
find ~ -type f -mtime -1
which find
file  $(which find)
file /boot/initrd.img*

1. Создайте иерархию вложенных каталогов D1/D2/D3.

eltex-v40@eltex-2026-summer-11:45>~$ mkdir -p D1/D2/D3
eltex-v40@eltex-2026-summer-11:49>~$ ls
2026-01  2026-04  2026-07  2026-10  D1                   eltex-v40_part.log        report_part1.txt
2026-02  2026-05  2026-08  2026-11  eltex                Practice_1_chapter_1
2026-03  2026-06  2026-09  2026-12  eltex-v40_part3.log  Practice_1_chapter_1.odt

2. Создайте иерархию вложенных каталогов D1/D2/D3.

eltex-v40@eltex-2026-summer-11:49>~$ touch D1/D2/file.txt
eltex-v40@eltex-2026-summer-11:50>~$ cd D1/D2
eltex-v40@eltex-2026-summer-11:50>~/D1/D2$ ls
D3  file.txt

3.  Добавьте произвольный текст в файл file.txt.

eltex-v40@eltex-2026-summer-11:50>~$ echo 'random text' >> D1/D2/file.txt 
eltex-v40@eltex-2026-summer-11:51>~$ cat D1/D2/file.txt 
random text

4. В каталоге D3 создайте символическую и жесткие ссылки на file.txt.

eltex-v40@eltex-2026-summer-11:51>~$ ln -s D1/D2/file.txt D1/D2/D3/simlink.txt
eltex-v40@eltex-2026-summer-11:53>~$ ln D1/D2/file.txt D1/D2/D3/hardlink.txt

5. Докажите, что ссылки созданы успешно.

eltex-v40@eltex-2026-summer-11:54>~$  ls -li D1/D2/D3
total 4
655581 -rw-r--r-- 2 eltex-v40 eltex-v40 12 июл 10 11:51 hardlink.txt
655582 lrwxrwxrwx 1 eltex-v40 eltex-v40 14 июл 10 11:53 simlink.txt -> D1/D2/file.txt
eltex-v40@eltex-2026-summer-11:56>~$ ls -li D1/D2/file.txt 
655581 -rw-r--r-- 2 eltex-v40 eltex-v40 12 июл 10 11:51 D1/D2/file.txt

6. Переместите файл file.txt в каталог D1. 

eltex-v40@eltex-2026-summer-11:57>~$ mv D1/D2/file.txt D1
eltex-v40@eltex-2026-summer-11:58>~$ ls D1
D2  file.txt
eltex-v40@eltex-2026-summer-11:58>~$ ls D1/D2
D3

7. Проверьте работу ранее созданных ссылок на файл file.txt. Какая ссылка оказалась рабочей и почему?
Рабочей оказалась жесткая ссылка, потому что это ссылка на inode файла в файловой системе , которая осталась неизменной. Символьная ссылка содержит только текстовую строку с путём к файлу, поэтому как только файл был перемещён, этот путь стал указывать в никуда.

eltex-v40@eltex-2026-summer-11:58>~$ cat D1/D2/D3/hardlink.txt 
random text
eltex-v40@eltex-2026-summer-12:00>~$ cat D1/D2/D3/simlink.txt 
cat: D1/D2/D3/simlink.txt: No such file or directory

8. Удалите каталог D2 со всем содержимым.

eltex-v40@eltex-2026-summer-12:07>~$ rm -r D1/D2
eltex-v40@eltex-2026-summer-12:07>~$ cd D1
eltex-v40@eltex-2026-summer-12:07>~/D1$ ls
file.txt

9.  Найдите все файлы в системе размером больше 20МБ. Убедитесь в том (du), что найденные файлы имеют нужный размер. Запишите в файл $USER_part3_gt20M.log список найденных файлов.

eltex-v40@eltex-2026-summer-12:26>~$ find / -type f -size +20M 2>/dev/null > ${USER}_part3_gt20M.log
eltex-v40@eltex-2026-summer-12:28>~$ ls
2026-01  2026-03  2026-05  2026-07  2026-09  2026-11  D1     eltex-v40_part3_gt20M.log  eltex-v40_part.log    Practice_1_chapter_1.odt
2026-02  2026-04  2026-06  2026-08  2026-10  2026-12  eltex  eltex-v40_part3.log        Practice_1_chapter_1  report_part1.txt
eltex-v40@eltex-2026-summer-12:28>~$ cat eltex-v40_part3_gt20M.log 
/usr/bin/x86_64-linux-gnu-lto-dump-12
/usr/lib/gcc/x86_64-linux-gnu/12/lto1
/usr/lib/gcc/x86_64-linux-gnu/12/cc1
/usr/lib/x86_64-linux-gnu/libicudata.so.72.1
/proc/kcore
/boot/initrd.img-6.1.0-44-amd64
/boot/initrd.img-6.1.0-50-amd64
/var/log/btmp.1
/var/log/journal/8247b53b6ae84ae0ad9bb1c96113fd29/system@4f44ef78d53d4cd0a5555898b8d0015b-00000000000db8c9-000653f1df947936.journal
/var/log/journal/8247b53b6ae84ae0ad9bb1c96113fd29/system@4f44ef78d53d4cd0a5555898b8d0015b-000000000012bd18-0006541efb4e910b.journal
/var/log/journal/8247b53b6ae84ae0ad9bb1c96113fd29/system@4f44ef78d53d4cd0a5555898b8d0015b-000000000013b06c-000654303a1201f5.journal
/var/log/journal/8247b53b6ae84ae0ad9bb1c96113fd29/system@4f44ef78d53d4cd0a5555898b8d0015b-00000000000bb4ae-000653e0e464fbba.journal
/var/log/journal/8247b53b6ae84ae0ad9bb1c96113fd29/system@4f44ef78d53d4cd0a5555898b8d0015b-000000000011beb5-000654152c40ea73.journal
/var/log/journal/8247b53b6ae84ae0ad9bb1c96113fd29/system@000654e914b0fb5f-f20d94ab522960d7.journal~
/var/log/journal/8247b53b6ae84ae0ad9bb1c96113fd29/system@4f44ef78d53d4cd0a5555898b8d0015b-000000000014a0db-000654440c96a329.journal
/var/log/journal/8247b53b6ae84ae0ad9bb1c96113fd29/system@4f44ef78d53d4cd0a5555898b8d0015b-000000000008bb32-000653c297309edc.journal
/var/log/journal/8247b53b6ae84ae0ad9bb1c96113fd29/system@4f44ef78d53d4cd0a5555898b8d0015b-000000000006c613-000653aba9b1991f.journal
/var/log/journal/8247b53b6ae84ae0ad9bb1c96113fd29/system@4f44ef78d53d4cd0a5555898b8d0015b-000000000009b91d-000653cc93c81e56.journal
/var/log/journal/8247b53b6ae84ae0ad9bb1c96113fd29/system@4f44ef78d53d4cd0a5555898b8d0015b-00000000000fbec9-0006540279fb0af2.journal
/var/log/journal/8247b53b6ae84ae0ad9bb1c96113fd29/system@4f44ef78d53d4cd0a5555898b8d0015b-00000000000ab4ea-000653d77c5c1149.journal
/var/log/journal/8247b53b6ae84ae0ad9bb1c96113fd29/system@4f44ef78d53d4cd0a5555898b8d0015b-000000000007c1cf-000653b69ef32fa6.journal
/var/log/journal/8247b53b6ae84ae0ad9bb1c96113fd29/system@4f44ef78d53d4cd0a5555898b8d0015b-000000000010c0ec-0006540b1cd179ef.journal
/var/log/journal/8247b53b6ae84ae0ad9bb1c96113fd29/system@4f44ef78d53d4cd0a5555898b8d0015b-00000000000cb658-000653e97bef6d7f.journal
/var/log/journal/8247b53b6ae84ae0ad9bb1c96113fd29/system@4f44ef78d53d4cd0a5555898b8d0015b-00000000000ebb8b-000653fa31acb7c1.journal
/var/cache/apt/srcpkgcache.bin
/var/cache/apt/pkgcache.bin
/var/lib/apt/lists/deb.debian.org_debian_dists_bookworm_main_binary-amd64_Packages
/var/lib/apt/lists/deb.debian.org_debian_dists_bookworm_main_source_Sources
/var/lib/apt/lists/deb.debian.org_debian_dists_bookworm_main_i18n_Translation-en

eltex-v40@eltex-2026-summer-12:34>~$ xargs ls -lh < eltex-v40_part3_gt20M.log 
-rw-r--r--  1 root root             33M мар 26 07:48 /boot/initrd.img-6.1.0-44-amd64
-rw-r--r--  1 root root             33M июл  6 03:14 /boot/initrd.img-6.1.0-50-amd64
-r--------  1 root root            128T июл  9 22:01 /proc/kcore
-rwxr-xr-x  1 root root             31M апр  7  2025 /usr/bin/x86_64-linux-gnu-lto-dump-12
-rwxr-xr-x  1 root root             32M апр  7  2025 /usr/lib/gcc/x86_64-linux-gnu/12/cc1
-rwxr-xr-x  1 root root             31M апр  7  2025 /usr/lib/gcc/x86_64-linux-gnu/12/lto1
-rw-r--r--  1 root root             30M июн 23  2025 /usr/lib/x86_64-linux-gnu/libicudata.so.72.1
-rw-r--r--  1 root root             39M июл  6 03:16 /var/cache/apt/pkgcache.bin
-rw-r--r--  1 root root             39M июл  6 03:16 /var/cache/apt/srcpkgcache.bin
-rw-r--r--  1 root root             48M мая 16 17:31 /var/lib/apt/lists/deb.debian.org_debian_dists_bookworm_main_binary-amd64_Packages
-rw-r--r--  1 root root             32M мая 16 17:31 /var/lib/apt/lists/deb.debian.org_debian_dists_bookworm_main_i18n_Translation-en
-rw-r--r--  1 root root             49M мая 16 17:31 /var/lib/apt/lists/deb.debian.org_debian_dists_bookworm_main_source_Sources
-rw-rw----  1 root utmp            163M июн 17 00:36 /var/log/btmp.1
-rw-r-----+ 1 root systemd-journal  32M июн 23 10:17 /var/log/journal/8247b53b6ae84ae0ad9bb1c96113fd29/system@000654e914b0fb5f-f20d94ab522960d7.journal~
-rw-r-----+ 1 root systemd-journal  44M июн  8 11:41 /var/log/journal/8247b53b6ae84ae0ad9bb1c96113fd29/system@4f44ef78d53d4cd0a5555898b8d0015b-000000000006c613-000653aba9b1991f.journal
-rw-r-----+ 1 root systemd-journal  44M июн  9 01:58 /var/log/journal/8247b53b6ae84ae0ad9bb1c96113fd29/system@4f44ef78d53d4cd0a5555898b8d0015b-000000000007c1cf-000653b69ef32fa6.journal
-rw-r-----+ 1 root systemd-journal  44M июн  9 13:52 /var/log/journal/8247b53b6ae84ae0ad9bb1c96113fd29/system@4f44ef78d53d4cd0a5555898b8d0015b-000000000008bb32-000653c297309edc.journal
-rw-r-----+ 1 root systemd-journal  44M июн 10 02:53 /var/log/journal/8247b53b6ae84ae0ad9bb1c96113fd29/system@4f44ef78d53d4cd0a5555898b8d0015b-000000000009b91d-000653cc93c81e56.journal
-rw-r-----+ 1 root systemd-journal  44M июн 10 14:07 /var/log/journal/8247b53b6ae84ae0ad9bb1c96113fd29/system@4f44ef78d53d4cd0a5555898b8d0015b-00000000000ab4ea-000653d77c5c1149.journal
-rw-r-----+ 1 root systemd-journal  44M июн 11 00:22 /var/log/journal/8247b53b6ae84ae0ad9bb1c96113fd29/system@4f44ef78d53d4cd0a5555898b8d0015b-00000000000bb4ae-000653e0e464fbba.journal
-rw-r-----+ 1 root systemd-journal  44M июн 11 10:22 /var/log/journal/8247b53b6ae84ae0ad9bb1c96113fd29/system@4f44ef78d53d4cd0a5555898b8d0015b-00000000000cb658-000653e97bef6d7f.journal
-rw-r-----+ 1 root systemd-journal  44M июн 11 20:18 /var/log/journal/8247b53b6ae84ae0ad9bb1c96113fd29/system@4f44ef78d53d4cd0a5555898b8d0015b-00000000000db8c9-000653f1df947936.journal
-rw-r-----+ 1 root systemd-journal  44M июн 12 06:11 /var/log/journal/8247b53b6ae84ae0ad9bb1c96113fd29/system@4f44ef78d53d4cd0a5555898b8d0015b-00000000000ebb8b-000653fa31acb7c1.journal
-rw-r-----+ 1 root systemd-journal  44M июн 12 16:29 /var/log/journal/8247b53b6ae84ae0ad9bb1c96113fd29/system@4f44ef78d53d4cd0a5555898b8d0015b-00000000000fbec9-0006540279fb0af2.journal
-rw-r-----+ 1 root systemd-journal  44M июн 13 04:29 /var/log/journal/8247b53b6ae84ae0ad9bb1c96113fd29/system@4f44ef78d53d4cd0a5555898b8d0015b-000000000010c0ec-0006540b1cd179ef.journal
-rw-r-----+ 1 root systemd-journal  44M июн 13 16:11 /var/log/journal/8247b53b6ae84ae0ad9bb1c96113fd29/system@4f44ef78d53d4cd0a5555898b8d0015b-000000000011beb5-000654152c40ea73.journal
-rw-r-----+ 1 root systemd-journal  44M июн 14 12:46 /var/log/journal/8247b53b6ae84ae0ad9bb1c96113fd29/system@4f44ef78d53d4cd0a5555898b8d0015b-000000000012bd18-0006541efb4e910b.journal
-rw-r-----+ 1 root systemd-journal  43M июн 15 12:25 /var/log/journal/8247b53b6ae84ae0ad9bb1c96113fd29/system@4f44ef78d53d4cd0a5555898b8d0015b-000000000013b06c-000654303a1201f5.journal
-rw-r-----+ 1 root systemd-journal  43M июн 16 11:46 /var/log/journal/8247b53b6ae84ae0ad9bb1c96113fd29/system@4f44ef78d53d4cd0a5555898b8d0015b-000000000014a0db-000654440c96a329.journal


10. В домашнем каталоге и его подкаталогах найдите обычные файлы, которые
были изменены в течение последних 24х часов.

eltex-v40@eltex-2026-summer-12:42>~$ find ~ -type f -mtime -1
/home/eltex-v40/.viminfo
/home/eltex-v40/.lesshst
/home/eltex-v40/eltex-v40_part3_gt20M.log
/home/eltex-v40/D1/file.txt
/home/eltex-v40/.bash_history
/home/eltex-v40/eltex-v40_part3.log
/home/eltex-v40/.bashrc
/home/eltex-v40/eltex/module1/task1/eltex-v40_part.log

11. В каком каталоге находится команда find?

eltex-v40@eltex-2026-summer-12:53>~$ which find
/usr/bin/find

12. Определите характер содержимого файла find командой file.

eltex-v40@eltex-2026-summer-12:56>~$ file  $(which find)
/usr/bin/find: ELF 64-bit LSB pie executable, x86-64, version 1 (SYSV), dynamically linked, interpreter /lib64/ld-linux-x86-64.so.2, BuildID[sha1]=5545a6c7162d325fbe5ffabcbfe4e5521b66ce70, for GNU/Linux 3.2.0, stripped

13. Установите, к какому типу относятся файлы /boot/initrd.img*.

eltex-v40@eltex-2026-summer-12:57>~$ file /boot/initrd.img*
/boot/initrd.img-6.1.0-44-amd64: ASCII cpio archive (SVR4 with no CRC)
/boot/initrd.img-6.1.0-50-amd64: ASCII cpio archive (SVR4 with no CRC)

